<?xml version="1.0" encoding="UTF-8"?>
<!-- Generated by org.testng.reporters.JUnitXMLReporter -->
<testsuite ignored="0" hostname="dell-PC" failures="0" tests="4" name="Default test" time="65.741" errors="0" timestamp="14 Jun 2025 19:43:55 GMT">
  <testcase classname="TestCases.Test_LogInPage" name="userLogInPage" time="18.044"/>
  <testcase classname="TestCases.Test_LogInPage" name="userLogInPage" time="14.686"/>
  <testcase classname="TestCases.Test_LogInPage" name="userLogInPage" time="18.045"/>
  <testcase classname="TestCases.Test_LogInPage" name="userLogInPage" time="14.512"/>
</testsuite> <!-- Default test -->
