<?xml version="1.0" encoding="UTF-8"?>
<!-- Generated by org.testng.reporters.JUnitXMLReporter -->
<testsuite ignored="0" hostname="dell-PC" failures="0" tests="5" name="Test" time="121.981" errors="0" timestamp="14 Jun 2025 19:53:28 GMT">
  <testcase classname="TestCases.Test_CreateAccount" name="createMyAcc" time="41.837"/>
  <testcase classname="TestCases.Test_LogInPage" name="userLogInPage" time="16.886"/>
  <testcase classname="TestCases.Test_LogInPage" name="userLogInPage" time="24.381"/>
  <testcase classname="TestCases.Test_LogInPage" name="userLogInPage" time="18.905"/>
  <testcase classname="TestCases.Test_LogInPage" name="userLogInPage" time="19.502"/>
</testsuite> <!-- Test -->
