<?xml version="1.0" encoding="UTF-8"?>
<testng-results ignored="0" total="5" passed="5" failed="0" skipped="0">
  <reporter-output>
  </reporter-output>
  <suite started-at="2025-06-14T19:51:26Z" name="Suite" finished-at="2025-06-14T19:53:28Z" duration-ms="121981">
    <groups>
    </groups>
    <test started-at="2025-06-14T19:51:26Z" name="Test" finished-at="2025-06-14T19:53:28Z" duration-ms="121981">
      <class name="TestCases.Test_CreateAccount">
        <test-method signature="createMyAcc(java.util.HashMap)[pri:0, instance:TestCases.Test_CreateAccount@600b9d27]" started-at="2025-06-14T19:51:26Z" name="createMyAcc" data-provider="getData" finished-at="2025-06-14T19:52:08Z" duration-ms="41837" status="PASS">
          <params>
            <param index="0">
              <value>
                <![CDATA[{lastName=Kumari, zipCode=5660012, data=2021, companyName=I Am Company, data1=Israel, mobileNo=7894561230, userName=V019, signOptionText=Sign up for our newsletter!, firstName=Kumar, password=V@123, userEmailId=V019@gmail.com, month=6, cityName=Bangalore, stateName=Karnakata, addName2=vijayanagr, offerLetterText=Receive special offers from our partners!, addName1=H/N 189, Kumar nilay, day=11}]]>
              </value>
            </param>
          </params>
          <reporter-output>
          </reporter-output>
        </test-method> <!-- createMyAcc -->
      </class> <!-- TestCases.Test_CreateAccount -->
      <class name="TestCases.Test_LogInPage">
        <test-method signature="userLogInPage(java.util.HashMap)[pri:0, instance:TestCases.Test_LogInPage@3688eb5b]" started-at="2025-06-14T19:52:08Z" name="userLogInPage" data-provider="getLogInData" finished-at="2025-06-14T19:52:25Z" duration-ms="16886" status="PASS">
          <params>
            <param index="0">
              <value>
                <![CDATA[{password=V017@gmail.com, emailId=V017}]]>
              </value>
            </param>
          </params>
          <reporter-output>
          </reporter-output>
        </test-method> <!-- userLogInPage -->
        <test-method signature="userLogInPage(java.util.HashMap)[pri:0, instance:TestCases.Test_LogInPage@3688eb5b]" started-at="2025-06-14T19:52:25Z" name="userLogInPage" data-provider="getLogInData" finished-at="2025-06-14T19:52:50Z" duration-ms="24381" status="PASS">
          <params>
            <param index="0">
              <value>
                <![CDATA[{password=V016@gmail.com, emailId=V016}]]>
              </value>
            </param>
          </params>
          <reporter-output>
          </reporter-output>
        </test-method> <!-- userLogInPage -->
        <test-method signature="userLogInPage(java.util.HashMap)[pri:0, instance:TestCases.Test_LogInPage@3688eb5b]" started-at="2025-06-14T19:52:50Z" name="userLogInPage" data-provider="getLogInData" finished-at="2025-06-14T19:53:08Z" duration-ms="18905" status="PASS">
          <params>
            <param index="0">
              <value>
                <![CDATA[{password=V015@gmail.com, emailId=V015}]]>
              </value>
            </param>
          </params>
          <reporter-output>
          </reporter-output>
        </test-method> <!-- userLogInPage -->
        <test-method signature="userLogInPage(java.util.HashMap)[pri:0, instance:TestCases.Test_LogInPage@3688eb5b]" started-at="2025-06-14T19:53:08Z" name="userLogInPage" data-provider="getLogInData" finished-at="2025-06-14T19:53:28Z" duration-ms="19502" status="PASS">
          <params>
            <param index="0">
              <value>
                <![CDATA[{password=V017@gmail.com, emailId=V017}]]>
              </value>
            </param>
          </params>
          <reporter-output>
          </reporter-output>
        </test-method> <!-- userLogInPage -->
      </class> <!-- TestCases.Test_LogInPage -->
    </test> <!-- Test -->
  </suite> <!-- Suite -->
</testng-results>
